
> FEComponentLibrarySeed@1.0.0 build-storybook C:\Projects\FEComponentLibrarySeed
> storybook build "--output-dir=C:\\Users\\deanm\\AppData\\Local\\Temp\\chromatic--24684-83bAMtSyd6zD"

@storybook/cli v7.6.16

info => Cleaning outputDir: C:\\Users\\deanm\\AppData\\Local\\Temp\\chromatic--24684-83bAMtSyd6zD
info => Loading presets
info => Building manager..
info => Manager built (256 ms)
info => Building preview..
info => Copying static files: C:\Projects\FEComponentLibrarySeed\node_modules\.pnpm\@storybook+manager@7.6.16\node_modules\@storybook\manager\static at C:\Users\deanm\AppData\Local\Temp\chromatic--24684-83bAMtSyd6zD\sb-common-assets
WARN No story files found for the specified pattern: src\components\**\*.mdx
[36mvite v6.2.2 [32mbuilding for production...[36m[39m
transforming...
[32m✓[39m 330 modules transformed.
rendering chunks...
computing gzip size...
[2m../../Users/deanm/AppData/Local/Temp/chromatic--24684-83bAMtSyd6zD/[22m[32miframe.html                                    [39m[1m[2m 12.85 kB[22m[1m[22m[2m │ gzip:   3.60 kB[22m
[2m../../Users/deanm/AppData/Local/Temp/chromatic--24684-83bAMtSyd6zD/[22m[35massets/Header-Cef0XOyq.css                     [39m[1m[2m  0.51 kB[22m[1m[22m[2m │ gzip:   0.30 kB[22m
[2m../../Users/deanm/AppData/Local/Temp/chromatic--24684-83bAMtSyd6zD/[22m[35massets/Button-BUWIWcOK.css                     [39m[1m[2m  0.52 kB[22m[1m[22m[2m │ gzip:   0.29 kB[22m
[2m../../Users/deanm/AppData/Local/Temp/chromatic--24684-83bAMtSyd6zD/[22m[35massets/Page-Cp-fE8ZV.css                       [39m[1m[2m  0.93 kB[22m[1m[22m[2m │ gzip:   0.40 kB[22m
[2m../../Users/deanm/AppData/Local/Temp/chromatic--24684-83bAMtSyd6zD/[22m[36massets/preview-CIwosuWp.js                     [39m[1m[2m  0.15 kB[22m[1m[22m[2m │ gzip:   0.15 kB[22m
[2m../../Users/deanm/AppData/Local/Temp/chromatic--24684-83bAMtSyd6zD/[22m[36massets/_commonjsHelpers-Cpj98o6Y.js            [39m[1m[2m  0.24 kB[22m[1m[22m[2m │ gzip:   0.18 kB[22m
[2m../../Users/deanm/AppData/Local/Temp/chromatic--24684-83bAMtSyd6zD/[22m[36massets/WithTooltip-V3YHNWJZ-YxfOgOxj.js        [39m[1m[2m  0.32 kB[22m[1m[22m[2m │ gzip:   0.22 kB[22m
[2m../../Users/deanm/AppData/Local/Temp/chromatic--24684-83bAMtSyd6zD/[22m[36massets/syntaxhighlighter-V7JZZA35-DZyHhldx.js  [39m[1m[2m  0.33 kB[22m[1m[22m[2m │ gzip:   0.24 kB[22m
[2m../../Users/deanm/AppData/Local/Temp/chromatic--24684-83bAMtSyd6zD/[22m[36massets/Button-Bt5GkSTV.js                      [39m[1m[2m  0.37 kB[22m[1m[22m[2m │ gzip:   0.26 kB[22m
[2m../../Users/deanm/AppData/Local/Temp/chromatic--24684-83bAMtSyd6zD/[22m[36massets/preview-y7uZKpE7.js                     [39m[1m[2m  0.52 kB[22m[1m[22m[2m │ gzip:   0.34 kB[22m
[2m../../Users/deanm/AppData/Local/Temp/chromatic--24684-83bAMtSyd6zD/[22m[36massets/index-DkJbquPi.js                       [39m[1m[2m  0.61 kB[22m[1m[22m[2m │ gzip:   0.39 kB[22m
[2m../../Users/deanm/AppData/Local/Temp/chromatic--24684-83bAMtSyd6zD/[22m[36massets/preview-GWuD73zX.js                     [39m[1m[2m  0.64 kB[22m[1m[22m[2m │ gzip:   0.44 kB[22m
[2m../../Users/deanm/AppData/Local/Temp/chromatic--24684-83bAMtSyd6zD/[22m[36massets/index-DrFu-skq.js                       [39m[1m[2m  0.77 kB[22m[1m[22m[2m │ gzip:   0.47 kB[22m
[2m../../Users/deanm/AppData/Local/Temp/chromatic--24684-83bAMtSyd6zD/[22m[36massets/Header.stories-CoH_-UMB.js              [39m[1m[2m  0.85 kB[22m[1m[22m[2m │ gzip:   0.44 kB[22m
[2m../../Users/deanm/AppData/Local/Temp/chromatic--24684-83bAMtSyd6zD/[22m[36massets/preview-Cv3rAi2i.js                     [39m[1m[2m  0.86 kB[22m[1m[22m[2m │ gzip:   0.55 kB[22m
[2m../../Users/deanm/AppData/Local/Temp/chromatic--24684-83bAMtSyd6zD/[22m[36massets/entry-preview-docs-Bwn5RpWb.js          [39m[1m[2m  0.89 kB[22m[1m[22m[2m │ gzip:   0.55 kB[22m
[2m../../Users/deanm/AppData/Local/Temp/chromatic--24684-83bAMtSyd6zD/[22m[36massets/Header-CeNSo-90.js                      [39m[1m[2m  1.16 kB[22m[1m[22m[2m │ gzip:   0.65 kB[22m
[2m../../Users/deanm/AppData/Local/Temp/chromatic--24684-83bAMtSyd6zD/[22m[36massets/entry-preview-CdOP67JG.js               [39m[1m[2m  1.23 kB[22m[1m[22m[2m │ gzip:   0.74 kB[22m
[2m../../Users/deanm/AppData/Local/Temp/chromatic--24684-83bAMtSyd6zD/[22m[36massets/Button.stories-B_TQsElt.js              [39m[1m[2m  1.51 kB[22m[1m[22m[2m │ gzip:   0.56 kB[22m
[2m../../Users/deanm/AppData/Local/Temp/chromatic--24684-83bAMtSyd6zD/[22m[36massets/index-Cu4lwwaE.js                       [39m[1m[2m  2.60 kB[22m[1m[22m[2m │ gzip:   1.26 kB[22m
[2m../../Users/deanm/AppData/Local/Temp/chromatic--24684-83bAMtSyd6zD/[22m[36massets/preview-BcxrGG1y.js                     [39m[1m[2m  3.19 kB[22m[1m[22m[2m │ gzip:   1.37 kB[22m
[2m../../Users/deanm/AppData/Local/Temp/chromatic--24684-83bAMtSyd6zD/[22m[36massets/iframe-kKbBxeyU.js                      [39m[1m[2m  4.49 kB[22m[1m[22m[2m │ gzip:   1.82 kB[22m
[2m../../Users/deanm/AppData/Local/Temp/chromatic--24684-83bAMtSyd6zD/[22m[36massets/preview-FHoZfaOb.js                     [39m[1m[2m  5.17 kB[22m[1m[22m[2m │ gzip:   2.37 kB[22m
[2m../../Users/deanm/AppData/Local/Temp/chromatic--24684-83bAMtSyd6zD/[22m[36massets/preview-BAz7FMXc.js                     [39m[1m[2m  7.62 kB[22m[1m[22m[2m │ gzip:   1.56 kB[22m
[2m../../Users/deanm/AppData/Local/Temp/chromatic--24684-83bAMtSyd6zD/[22m[36massets/preview-BJKiUloN.js                     [39m[1m[2m  8.11 kB[22m[1m[22m[2m │ gzip:   3.09 kB[22m
[2m../../Users/deanm/AppData/Local/Temp/chromatic--24684-83bAMtSyd6zD/[22m[36massets/Color-6VNJS4EI-4oev5lhk.js              [39m[1m[2m 31.43 kB[22m[1m[22m[2m │ gzip:  11.98 kB[22m
[2m../../Users/deanm/AppData/Local/Temp/chromatic--24684-83bAMtSyd6zD/[22m[36massets/preview-DLpPgtC5.js                     [39m[1m[2m 72.10 kB[22m[1m[22m[2m │ gzip:  24.48 kB[22m
[2m../../Users/deanm/AppData/Local/Temp/chromatic--24684-83bAMtSyd6zD/[22m[36massets/index-23Sowphr.js                       [39m[1m[2m 75.37 kB[22m[1m[22m[2m │ gzip:  22.05 kB[22m
[2m../../Users/deanm/AppData/Local/Temp/chromatic--24684-83bAMtSyd6zD/[22m[36massets/DocsRenderer-NNNQARDV-CcpBn62j.js       [39m[1m[33m555.40 kB[39m[22m[2m │ gzip: 180.69 kB[22m
[2m../../Users/deanm/AppData/Local/Temp/chromatic--24684-83bAMtSyd6zD/[22m[36massets/Page.stories-jjtYBOb6.js                [39m[1m[33m562.73 kB[39m[22m[2m │ gzip: 149.66 kB[22m
[2m../../Users/deanm/AppData/Local/Temp/chromatic--24684-83bAMtSyd6zD/[22m[36massets/formatter-SWP5E3XI-9bQXtkBi.js          [39m[1m[33m605.36 kB[39m[22m[2m │ gzip: 186.19 kB[22m
[32m✓ built in 7.04s[39m
info => Preview built (7.31 s)
info => Output directory: C:\\Users\\deanm\\AppData\\Local\\Temp\\chromatic--24684-83bAMtSyd6zD
